<?xml version="1.0" encoding="UTF-8"?>
<testsuite xmlns:xsi="http://www.w3.org/2001/XMLSchema-instance" xsi:noNamespaceSchemaLocation="https://maven.apache.org/surefire/maven-surefire-plugin/xsd/surefire-test-report-3.0.xsd" version="3.0" name="petstore.PetStoreTest" time="8.255" tests="1" errors="0" skipped="0" failures="0">
  <properties>
[...]
</properties>
  <testcase name="testParallel" classname="petstore.PetStoreTest" time="8.209">
    <system-out><![CDATA[12:35:20.831 [main] DEBUG com.intuit.karate.Suite - [config] classpath:karate-config.js
12:35:20.839 [main] WARN  com.intuit.karate.Suite - failed to backup existing dir: target\karate-reports
12:35:22.936 [main] INFO  com.intuit.karate - karate.env system property was: null 
12:35:23.590 [main] DEBUG com.intuit.karate - request:
1 > POST https://petstore.swagger.io/v2/pet
1 > Content-Type: application/json; charset=UTF-8
1 > Content-Length: 161
1 > Host: petstore.swagger.io
1 > Connection: Keep-Alive
1 > User-Agent: Apache-HttpClient/4.5.14 (Java/17.0.13)
1 > Accept-Encoding: gzip,deflate
{"id":101,"category":{"id":1,"name":"dogs"},"name":"Akira","photoUrls":["https:\/\/myphoto.com\/Akira.jpg"],"tags":[{"id":1,"name":"Lobo"}],"status":"available"}

12:35:24.262 [main] DEBUG com.intuit.karate - response time in milliseconds: 662
1 < 200
1 < Date: Sun, 18 Jan 2026 17:35:24 GMT
1 < Content-Type: application/json
1 < Transfer-Encoding: chunked
1 < Connection: keep-alive
1 < Access-Control-Allow-Origin: *
1 < Access-Control-Allow-Methods: GET, POST, DELETE, PUT
1 < Access-Control-Allow-Headers: Content-Type, api_key, Authorization
1 < Server: Jetty(9.2.9.v20150224)
{"id":101,"category":{"id":1,"name":"dogs"},"name":"Akira","photoUrls":["https://myphoto.com/Akira.jpg"],"tags":[{"id":1,"name":"Lobo"}],"status":"available"}

12:35:24.341 [main] INFO  com.intuit.karate - karate.env system property was: null 
12:35:24.372 [main] DEBUG com.intuit.karate - request:
1 > GET https://petstore.swagger.io/v2/pet/101
1 > Host: petstore.swagger.io
1 > Connection: Keep-Alive
1 > User-Agent: Apache-HttpClient/4.5.14 (Java/17.0.13)
1 > Accept-Encoding: gzip,deflate


12:35:24.667 [main] DEBUG com.intuit.karate - response time in milliseconds: 292
1 < 200
1 < Date: Sun, 18 Jan 2026 17:35:24 GMT
1 < Content-Type: application/json
1 < Transfer-Encoding: chunked
1 < Connection: keep-alive
1 < Access-Control-Allow-Origin: *
1 < Access-Control-Allow-Methods: GET, POST, DELETE, PUT
1 < Access-Control-Allow-Headers: Content-Type, api_key, Authorization
1 < Server: Jetty(9.2.9.v20150224)
{"id":101,"category":{"id":1,"name":"dogs"},"name":"Akira","photoUrls":["https://myphoto.com/Akira.jpg"],"tags":[{"id":1,"name":"Lobo"}],"status":"available"}

12:35:24.695 [main] INFO  com.intuit.karate - karate.env system property was: null 
12:35:24.709 [main] DEBUG com.intuit.karate - request:
1 > PUT https://petstore.swagger.io/v2/pet
1 > Content-Type: application/json; charset=UTF-8
1 > Content-Length: 49
1 > Host: petstore.swagger.io
1 > Connection: Keep-Alive
1 > User-Agent: Apache-HttpClient/4.5.14 (Java/17.0.13)
1 > Accept-Encoding: gzip,deflate
{"id":101,"name":"Akira-Vendido","status":"sold"}

12:35:24.999 [main] DEBUG com.intuit.karate - response time in milliseconds: 287
1 < 200
1 < Date: Sun, 18 Jan 2026 17:35:24 GMT
1 < Content-Type: application/json
1 < Transfer-Encoding: chunked
1 < Connection: keep-alive
1 < Access-Control-Allow-Origin: *
1 < Access-Control-Allow-Methods: GET, POST, DELETE, PUT
1 < Access-Control-Allow-Headers: Content-Type, api_key, Authorization
1 < Server: Jetty(9.2.9.v20150224)
{"id":101,"name":"Akira-Vendido","photoUrls":[],"tags":[],"status":"sold"}

12:35:25.026 [main] INFO  com.intuit.karate - karate.env system property was: null 
12:35:25.044 [main] DEBUG com.intuit.karate - request:
1 > GET https://petstore.swagger.io/v2/pet/findByStatus?status=sold
1 > Host: petstore.swagger.io
1 > Connection: Keep-Alive
1 > User-Agent: Apache-HttpClient/4.5.14 (Java/17.0.13)
1 > Accept-Encoding: gzip,deflate


12:35:25.350 [main] DEBUG com.intuit.karate - response time in milliseconds: 301
1 < 200
1 < Date: Sun, 18 Jan 2026 17:35:25 GMT
1 < Content-Type: application/json
1 < Transfer-Encoding: chunked
1 < Connection: keep-alive
1 < Access-Control-Allow-Origin: *
1 < Access-Control-Allow-Methods: GET, POST, DELETE, PUT
1 < Access-Control-Allow-Headers: Content-Type, api_key, Authorization
1 < Server: Jetty(9.2.9.v20150224)
[{"id":9223372036854775466,"category":{"id":0,"name":"string"},"name":"Mycat1","photoUrls":["string"],"tags":[{"id":0,"name":"string"}],"status":"sold"},{"id":24572652,"category":{"id":70314021,"name":"adipisicing dolore"},"name":"doggie","photoUrls":["magna dolor Ut in","in eiusm"],"tags":[{"id":85643839,"name":"aliquip sit dolor"},{"id":-89364963,"name":"elit id reprehenderit eiusmod exercitation"}],"status":"sold"},{"id":82188160,"category":{"id":81640824,"name":"nisi exercitation reprehenderit dolore"},"name":"doggie","photoUrls":["proident eu enim","mollit cillum nisi"],"tags":[{"id":6316356,"name":"laborum magn"},{"id":73149614,"name":"veniam fugiat amet si"}],"status":"sold"},{"id":9223372036854775486,"category":{"id":182334,"name":"officia eiusmod"},"name":"doggie","photoUrls":["aute sint qui ullamco","labore"],"tags":[{"id":72234058,"name":"nostrud"},{"id":-24512131,"name":"exercitation fugiat laborum"}],"status":"sold"},{"id":9223372036854775491,"category":{"id":62046841,"name":"incididunt enim exercitation"},"name":"doggie","photoUrls":["aliquip cillum","aliquip in in do"],"tags":[{"id":69730294,"name":"quis consequat ullamco ut"},{"id":-82496586,"name":"ex minim commodo aliqua veniam"}],"status":"sold"},{"id":9223372036854775501,"category":{"id":0,"name":"creature"},"name":"Dragon","photoUrls":["string"],"tags":[{"id":0,"name":"string"}],"status":"sold"},{"id":9223372036854775502,"category":{"id":95673763,"name":"et eiusm"},"name":"doggie","photoUrls":["laboris labore i","sint dolor consequat"],"tags":[{"id":45098116,"name":"dolor Excepteur"},{"id":-51366881,"name":"eiusmod aute minim in"}],"status":"sold"},{"id":9223372036854775503,"category":{"id":26052472,"name":"quis labore id do"},"name":"doggie","photoUrls":["deserunt nostrud n",""],"tags":[{"id":9084274,"name":"Ut ea cupidatat consectetur laboris"},{"id":84195358,"name":"sint aliquip consectetur"}],"status":"sold"},{"id":49199499,"category":{"id":20305865,"name":"et cupidatat nisi incididunt"},"name":"doggie","photoUrls":["sunt esse consequat","Ut nostrud anim adipisicing"],"tags":[{"id":33995919,"name":"tempor non nostrud"},{"id":-54707686,"name":"qui pariatur"}],"status":"sold"},{"id":36872199,"category":{"id":87131763,"name":"consectetur"},"name":"doggie","photoUrls":["officia","fugiat Duis sint"],"tags":[{"id":-32111804,"name":"sit consectetur"},{"id":-4313164,"name":"consectetur nulla laborum id"}],"status":"sold"},{"id":76342797,"category":{"id":-51928180,"name":"consequat deserunt"},"name":"doggie","photoUrls":["proident consectetur dolor enim","eiusmod ut ex"],"tags":[{"id":-79491736,"name":"officia elit esse"},{"id":-95156536,"name":"consequat ullamco"}],"status":"sold"},{"id":3836,"name":"New name628","photoUrls":[],"tags":[],"status":"sold"},{"id":1768697559051,"name":"updated-playwright-pet","photoUrls":[],"tags":[],"status":"sold"},{"id":511728983,"category":{"id":-29245128,"name":"incididunt"},"name":"executing_from_test","photoUrls":["dolore Excepteur est","consequat in labore"],"tags":[{"id":-55902183,"name":"Lorem laboris nulla"},{"id":67424482,"name":"incididunt ipsum eiusmod"}],"status":"sold"},{"id":786562,"category":{"id":7,"name":"Reptiles"},"name":"Stephen","photoUrls":["https://picsum.photos/907/148"],"tags":[{"id":53,"name":"woman"}],"status":"sold"},{"id":633011,"category":{"id":9,"name":"Cats"},"name":"Amanda","photoUrls":["https://picsum.photos/530/72"],"tags":[{"id":23,"name":"article"}],"status":"sold"},{"id":102,"name":"ZSkillPetUpdated","photoUrls":["string"],"tags":[],"status":"sold"},{"id":68,"category":{"id":886,"name":"sint in d"},"name":"doggie","photoUrls":["in qui","dolore nisi ad enim ut"],"tags":[{"id":3888,"name":"anim occaecat sed irure"},{"id":80014622,"name":"ut enim aute officia"}],"status":"sold"},{"id":111111,"category":{"id":11111,"name":"string"},"name":"puppy","photoUrls":["string"],"tags":[{"id":111,"name":"string"}],"status":"sold"},{"id":65465013,"category":{"id":27559527,"name":"elit tempor"},"name":"doggie","photoUrls":["dolor laboris eiusmod","dolor "],"tags":[{"id":-62532342,"name":"ullamco esse deserunt"},{"id":-45299952,"name":"ulla"}],"status":"sold"},{"id":28294,"name":"Update_28294","photoUrls":[],"tags":[],"status":"sold"},{"id":595161,"category":{"id":6,"name":"Dogs"},"name":"TestPet_568","photoUrls":["https://example.com/photo_7.jpg"],"tags":[{"id":5,"name":"tag_5"}],"status":"sold"},{"id":232663,"category":{"id":7,"name":"Cats"},"name":"UpdatedPetName","photoUrls":["https://example.com/photo_2.jpg"],"tags":[{"id":5,"name":"tag_1"}],"status":"sold"},{"id":638556,"category":{"id":5,"name":"Fish"},"name":"TestPet_548","photoUrls":["https://example.com/photo_9.jpg"],"tags":[{"id":1,"name":"tag_3"}],"status":"sold"},{"id":9920,"name":"pet_to_be_sold","photoUrls":[],"tags":[],"status":"sold"},{"id":33886,"category":{"id":10,"name":"Dogs"},"name":"Шарик","photoUrls":["https://dummyimage.com/200x200"],"tags":[{"id":10,"name":"when"}],"status":"sold"},{"id":98922,"category":{"id":8,"name":"Birds"},"name":"Nichole","photoUrls":["https://placekitten.com/200/200"],"tags":[{"id":8,"name":"those"}],"status":"sold"},{"id":380,"category":{"id":6,"name":"Superdogs"},"name":"Barsik","photoUrls":["string"],"tags":[{"id":6,"name":"Superdogs"}],"status":"sold"},{"id":801,"name":"Brairon2","photoUrls":["http://myphoto.com/pet2.jpg"],"tags":[],"status":"sold"},{"id":9223372036854742510,"category":{"id":0,"name":"test"},"name":"dog","photoUrls":["string"],"tags":[{"id":0,"name":"doggie"}],"status":"sold"},{"id":1768738046452,"category":{"id":1,"name":"Cats"},"name":"Bizzie Updated","photoUrls":["https://example.com/photo.jpg"],"tags":[{"id":1,"name":"friendly"}],"status":"sold"},{"id":1345,"name":"happy","photoUrls":[],"tags":[],"status":"sold"},{"id":20593238,"category":{"id":96650357,"name":"ut aute"},"name":"doggie","photoUrls":["in deserunt sit qui elit","do dolore"],"tags":[{"id":80489283,"name":"dolore elit aute Excepteur anim"},{"id":-29854588,"name":"enim"}],"status":"sold"},{"id":101,"name":"Akira-Vendido","photoUrls":[],"tags":[],"status":"sold"},{"id":163,"name":"Brairon2","photoUrls":["http://myphoto.com/pet2.jpg"],"tags":[],"status":"sold"},{"id":12,"category":{"id":0,"name":"dogs"},"name":"Fido","photoUrls":["string"],"tags":[{"id":0,"name":"string"}],"status":"sold"},{"id":123,"category":{"id":0,"name":"dalmatian"},"name":"Alexander","photoUrls":["https://i.insider.com/5484a390eab8ea6938b17e33?width=300&format=jpeg&auto=webp"],"tags":[{"id":0,"name":"dalmatian"}],"status":"sold"},{"id":1234567,"category":{"id":35,"name":"caini"},"name":"Grivei update","photoUrls":[],"tags":[{"id":1,"name":"dalmatian"}],"status":"sold"},{"id":13,"category":{"id":0,"name":"cats"},"photoUrls":["string"],"tags":[{"id":0,"name":"string"}],"status":"sold"},{"id":18350,"category":{"id":1,"name":"dogs"},"name":"Akira-Vendido","photoUrls":["https://myphoto.com/Akira.jpg"],"tags":[{"id":1,"name":"Lobo"}],"status":"sold"},{"id":999999,"name":"Firulais-Vendido","photoUrls":[],"tags":[],"status":"sold"},{"id":3055,"category":{"id":8,"name":"Category_3"},"name":"Pet_6737","photoUrls":["https://example.com/photo.jpg"],"tags":[{"id":90,"name":"Tag_158"}],"status":"sold"},{"id":9480,"category":{"id":9,"name":"Category_0"},"name":"СОБАК_1310","photoUrls":["https://example.com/photo.jpg"],"tags":[{"id":75,"name":"Tag_29"}],"status":"sold"},{"id":7969,"category":{"id":9,"name":"Category_2"},"name":"СОБАК_3291","photoUrls":["string"],"tags":[{"id":85,"name":"Tag_985"}],"status":"sold"},{"id":364,"category":{"id":31,"name":"Sleek Plastic Chicken"},"name":"Generic Frozen Bike","photoUrls":["http://placeimg.com/640/480/animals"],"tags":[{"id":940,"name":"Neque et quos nemo necessitatibus. Et aut quod est eveniet at minima ut dicta quae. Aspernatur aliquam voluptatum necessitatibus autem. Sit et assumenda exercitationem nihil delectus nihil. Hic deleniti asperiores modi. Et odit voluptas vel quo."},{"id":448,"name":"Sit minus itaque dolore nihil non laborum amet. Dignissimos consectetur eum. Est illum consequatur dignissimos cum ut ut at incidunt facere."}],"status":"sold"},{"id":9,"category":{"id":0,"name":"cats"},"name":"King Kong","photoUrls":["string"],"tags":[{"id":0,"name":"string"}],"status":"sold"},{"id":1768756814508,"category":{"id":1,"name":"Cats"},"name":"Bizzie Updated","photoUrls":["https://example.com/photo.jpg"],"tags":[{"id":1,"name":"friendly"}],"status":"sold"},{"id":747132,"category":{"id":1,"name":"Dogs"},"name":"UpdatedDog-747132","photoUrls":["https://example.com/photo1.jpg"],"tags":[{"id":1,"name":"test-tag"}],"status":"sold"}]

---------------------------------------------------------
feature: classpath:petstore/feature/petstore.feature
scenarios:  4 | passed:  4 | failed:  0 | time: 2,3232
---------------------------------------------------------

12:35:26.909 [main] INFO  com.intuit.karate.Suite - <<pass>> feature 1 of 1 (0 remaining) classpath:petstore/feature/petstore.feature
Karate version: 1.5.0
======================================================
elapsed:   7,39 | threads:    1 | thread time: 2,32 
features:     1 | skipped:    0 | efficiency: 0,31
scenarios:    4 | passed:     4 | failed: 0
======================================================

HTML report: (paste into browser to view) | Karate version: 1.5.0
file:///D:/Henrry/Documents/NTTDATA/Cursos%20QA/Prueba%20Tecnica/PetStoreKarate/target/karate-reports/karate-summary.html
===================================================================

]]></system-out>
  </testcase>
</testsuite>